/root/miniconda3/envs/py311/lib/python3.11/site-packages/torch/distributed/distributed_c10d.py:4876: UserWarning: barrier(): using the device under current context. You can specify `device_id` in `init_process_group` to mute this warning.
  warnings.warn(  # warn only once
[rank0]:[W419 04:02:28.565568999 ProcessGroupNCCL.cpp:5072] Guessing device ID based on global rank. This can cause a hang if rank to GPU mapping is heterogeneous. You can specify device_id in init_process_group()
DSA strategy:  color_crop_flip_scale_rotate
Save dir: ./../pretrained_models/dermamnist/dermamnist
TF32 is enabled
=> creating model convnet-3, norm: instance
[rank0]:[W419 04:02:31.836497864 ProcessGroupNCCL.cpp:5072] Guessing device ID based on global rank. This can cause a hang if rank to GPU mapping is heterogeneous. You can specify device_id in init_process_group()
DSA strategy:  color_crop_flip_scale_rotate
Save dir: ../results/condense/./condense/dermamnist/ipc1/adamw_lr_img_0.0010_numr_reqs4096_factor2_20260419-0402
TF32 is enabled
=> creating model convnet-3, norm: instance
==========================Rank 0 has classes [0, 1, 2, 3, 4, 5, 6]==========================
Augmentataion Matching:  color_crop_cutout
Augmentataion Net update:  color_crop
Factor: 2 (single)
===================Mixed initialize condensed===================
============RANK:0====LOCAL_RANK 0 Loaded Condensed Data==========================
Using AdamW optimizer with learning rate: 0.001
[rank0]: Traceback (most recent call last):
[rank0]:   File "/data/zengqiang/experiments/project_20260419_143900_medmnist_stats/NCFM/condense/condense_script.py", line 67, in <module>
[rank0]:     main_worker(args)
[rank0]:   File "/data/zengqiang/experiments/project_20260419_143900_medmnist_stats/NCFM/condense/condense_script.py", line 27, in main_worker
[rank0]:     condenser.condense(args,plotter,loader_real,aug,optim_img,model_init,model_interval,model_final,sampling_net,optim_sampling_net)
[rank0]:   File "/data/zengqiang/experiments/project_20260419_143900_medmnist_stats/NCFM/condenser/Condenser.py", line 212, in condense
[rank0]:     scheduler = torch.optim.lr_scheduler.ReduceLROnPlateau(
[rank0]:                 ^^^^^^^^^^^^^^^^^^^^^^^^^^^^^^^^^^^^^^^^^^^
[rank0]: TypeError: ReduceLROnPlateau.__init__() got an unexpected keyword argument 'verbose'
terminate called without an active exception
terminate called recursively
usage: evaluation_script.py [-h] [--debug] --config_path CONFIG_PATH
                            [--run_mode {Condense,Evaluation,Pretrain}]
                            [--init {random,noise,mix,load}] --load_path
                            LOAD_PATH [--val_repeat VAL_REPEAT] --gpu GPU
                            [-i IPC] [--tf32] [--softlabel] [--kldiv]
                            [--temperature TEMPERATURE]
evaluation_script.py: error: the following arguments are required: --load_path
